{"/Users/arifaman/Documents/playwright-bdd-framework-course/playwright.config.ts":{"path":"/Users/arifaman/Documents/playwright-bdd-framework-course/playwright.config.ts","statementMap":{"0":{"start":{"line":3,"column":0},"end":{"line":5,"column":3}},"1":{"start":{"line":6,"column":0},"end":{"line":6,"column":25}},"2":{"start":{"line":7,"column":12},"end":{"line":7,"column":39}},"3":{"start":{"line":18,"column":15},"end":{"line":95,"column":2}}},"fnMap":{},"branchMap":{"0":{"loc":{"start":{"line":25,"column":11},"end":{"line":25,"column":33}},"type":"cond-expr","locations":[{"start":{"line":25,"column":28},"end":{"line":25,"column":29}},{"start":{"line":25,"column":32},"end":{"line":25,"column":33}}],"line":25},"1":{"loc":{"start":{"line":27,"column":11},"end":{"line":27,"column":41}},"type":"cond-expr","locations":[{"start":{"line":27,"column":28},"end":{"line":27,"column":29}},{"start":{"line":27,"column":32},"end":{"line":27,"column":41}}],"line":27}},"s":{"0":1,"1":1,"2":1,"3":1},"f":{},"b":{"0":[0,1],"1":[0,1]},"inputSourceMap":{"version":3,"names":["_test","require","_default","exports","default","defineConfig","testDir","fullyParallel","forbidOnly","process","env","CI","retries","workers","undefined","reporter","use","trace","launchOptions","args","screenshot"],"sources":["playwright.config.ts"],"sourcesContent":["import {defineConfig, devices} from '@playwright/test';\n\n/**\n * Read environment variables from file.\n * https://github.com/motdotla/dotenv\n */\n// import dotenv from 'dotenv';\n// import path from 'path';\n// dotenv.config({ path: path.resolve(__dirname, '.env') });\n\n/**\n * See https://playwright.dev/docs/test-configuration.\n */\nexport default defineConfig({\n    testDir: './tests',\n    /* Run tests in files in parallel */\n    fullyParallel: true,\n    /* Fail the build on CI if you accidentally left test.only in the source code. */\n    forbidOnly: !!process.env.CI,\n    /* Retry on CI only */\n    retries: process.env.CI ? 2 : 0,\n    /* Opt out of parallel tests on CI. */\n    workers: process.env.CI ? 1 : undefined,\n    /* Reporter to use. See https://playwright.dev/docs/test-reporters */\n    reporter: 'html',\n    /* Shared settings for all the projects below. See https://playwright.dev/docs/api/class-testoptions. */\n    use: {\n        /* Base URL to use in actions like `await page.goto('')`. */\n        // baseURL: 'http://localhost:3000',\n\n        /* Collect trace when retrying the failed test. See https://playwright.dev/docs/trace-viewer */\n        trace: 'on-first-retry',\n        // testIdAttribute: 'data-test'\n        // viewport: {width: 1280, height: 720},\n        launchOptions: {args: ['--hide-scrollbars']},\n        screenshot: \"only-on-failure\"\n    },\n    // expect: {\n    //     toHaveScreenshot: {\n    //         threshold: 0.2,\n    //         maxDiffPixelRatio: 0.01\n    //     }\n    // }\n\n    /* Configure projects for major browsers */\n    // projects: [\n    // {\n    //     name: 'chromium',\n    //     use: {...devices['Desktop Chrome']},\n    // },\n\n    // {\n    //     name: 'firefox',\n    //     use: {...devices['Desktop Firefox']},\n    // },\n    //\n    // {\n    //     name: 'webkit',\n    //     use: {...devices['Desktop Safari']},\n    // },\n\n    /* Test against mobile viewports. */\n    // {\n    //   name: 'Mobile Chrome',\n    //   use: { ...devices['Pixel 5'] },\n    // },\n    // {\n    //   name: 'Mobile Safari',\n    //   use: { ...devices['iPhone 12'] },\n    // },\n\n    /* Test against branded browsers. */\n    // {\n    //   name: 'Microsoft Edge',\n    //   use: { ...devices['Desktop Edge'], channel: 'msedge' },\n    // },\n    // {\n    //   name: 'Google Chrome',\n    //   use: { ...devices['Desktop Chrome'], channel: 'chrome' },\n    // },\n    // ],\n\n    /* Run your local dev server before starting the tests */\n    // webServer: {\n    //   command: 'npm run start',\n    //   url: 'http://localhost:3000',\n    //   reuseExistingServer: !process.env.CI,\n    // }\n})\n\n;\n"],"mappings":";;;;;;AAAA,IAAAA,KAAA,GAAAC,OAAA;AAEA;AACA;AACA;AACA;AACA;AACA;AACA;AAEA;AACA;AACA;AAFA,IAAAC,QAAA,GAAAC,OAAA,CAAAC,OAAA,GAGe,IAAAC,kBAAY,EAAC;EACxBC,OAAO,EAAE,SAAS;EAClB;EACAC,aAAa,EAAE,IAAI;EACnB;EACAC,UAAU,EAAE,CAAC,CAACC,OAAO,CAACC,GAAG,CAACC,EAAE;EAC5B;EACAC,OAAO,EAAEH,OAAO,CAACC,GAAG,CAACC,EAAE,GAAG,CAAC,GAAG,CAAC;EAC/B;EACAE,OAAO,EAAEJ,OAAO,CAACC,GAAG,CAACC,EAAE,GAAG,CAAC,GAAGG,SAAS;EACvC;EACAC,QAAQ,EAAE,MAAM;EAChB;EACAC,GAAG,EAAE;IACD;IACA;;IAEA;IACAC,KAAK,EAAE,gBAAgB;IACvB;IACA;IACAC,aAAa,EAAE;MAACC,IAAI,EAAE,CAAC,mBAAmB;IAAC,CAAC;IAC5CC,UAAU,EAAE;EAChB;EACA;EACA;EACA;EACA;EACA;EACA;;EAEA;EACA;EACA;EACA;EACA;EACA;;EAEA;EACA;EACA;EACA;EACA;EACA;EACA;EACA;EACA;;EAEA;EACA;EACA;EACA;EACA;EACA;EACA;EACA;EACA;;EAEA;EACA;EACA;EACA;EACA;EACA;EACA;EACA;EACA;EACA;;EAEA;EACA;EACA;EACA;EACA;EACA;AACJ,CAAC,CAAC","ignoreList":[]},"_coverageSchema":"1a1c01bbd47fc00a2c39e90264f33305004495a9","hash":"a1f54582fcf137355a150568e2eb505984fa5541","contentHash":"d2f5fd7f0d1cb0cadcdc0bfcce14591c616b5c428e8e2654a2c75ade3b377323"},"/Users/arifaman/Documents/playwright-bdd-framework-course/features/utils/getMyWebsite.ts":{"path":"/Users/arifaman/Documents/playwright-bdd-framework-course/features/utils/getMyWebsite.ts","statementMap":{"0":{"start":{"line":3,"column":0},"end":{"line":5,"column":3}},"1":{"start":{"line":6,"column":0},"end":{"line":6,"column":27}},"2":{"start":{"line":9,"column":2},"end":{"line":15,"column":3}},"3":{"start":{"line":11,"column":6},"end":{"line":11,"column":45}},"4":{"start":{"line":12,"column":6},"end":{"line":12,"column":12}},"5":{"start":{"line":14,"column":6},"end":{"line":14,"column":42}},"6":{"start":{"line":16,"column":2},"end":{"line":16,"column":17}}},"fnMap":{"0":{"name":"_default","decl":{"start":{"line":7,"column":9},"end":{"line":7,"column":17}},"loc":{"start":{"line":7,"column":31},"end":{"line":17,"column":1}},"line":7}},"branchMap":{"0":{"loc":{"start":{"line":9,"column":2},"end":{"line":15,"column":3}},"type":"switch","locations":[{"start":{"line":10,"column":4},"end":{"line":12,"column":12}},{"start":{"line":13,"column":4},"end":{"line":14,"column":42}}],"line":9}},"s":{"0":1,"1":1,"2":0,"3":0,"4":0,"5":0,"6":0},"f":{"0":0},"b":{"0":[0,0]},"inputSourceMap":{"version":3,"names":["_default","websiteName","website","trim","toLowerCase"],"sources":["getMyWebsite.ts"],"sourcesContent":["export default function (websiteName: string): string {\n    let website: string;\n\n    switch (websiteName.trim().toLowerCase()) {\n        case 'saucedemo':\n            website = \"https://www.saucedemo.com/\"\n            break;\n        default:\n            website = \"https://www.google.com/\"\n    }\n    return website;\n}\n"],"mappings":";;;;;;AAAe,SAAAA,SAAUC,WAAmB,EAAU;EAClD,IAAIC,OAAe;EAEnB,QAAQD,WAAW,CAACE,IAAI,CAAC,CAAC,CAACC,WAAW,CAAC,CAAC;IACpC,KAAK,WAAW;MACZF,OAAO,GAAG,4BAA4B;MACtC;IACJ;MACIA,OAAO,GAAG,yBAAyB;EAC3C;EACA,OAAOA,OAAO;AAClB","ignoreList":[]},"_coverageSchema":"1a1c01bbd47fc00a2c39e90264f33305004495a9","hash":"19e3a32bb8d0b45e804c7689ed15339efe996452","contentHash":"cf4eeb35ea25bbd147173cbffca4de884ad83c1e393e0a5a58a2cc84bb2c08a1"}}